2019-05-08 09:13:21.510 [main] DEBUG com.neuedu.SpringBoot001hs.mapper.UserMapperTest - Running with Spring Boot v2.1.4.RELEASE, Spring v5.1.6.RELEASE
2019-05-08 09:13:24.352 [main] DEBUG c.n.S.mapper.UserMapper.selectAll_COUNT - ==>  Preparing: SELECT count(0) FROM USER 
2019-05-08 09:13:24.372 [main] DEBUG c.n.S.mapper.UserMapper.selectAll_COUNT - ==> Parameters: 
2019-05-08 09:13:24.386 [main] DEBUG c.n.S.mapper.UserMapper.selectAll_COUNT - <==      Total: 1
2019-05-08 09:13:24.387 [main] DEBUG c.n.SpringBoot001hs.mapper.UserMapper.selectAll - ==>  Preparing: select u_id, u_user,u_password,u_email,u_phone,u_name,u_createtime,u_headurl,u_status from USER LIMIT ? 
2019-05-08 09:13:24.388 [main] DEBUG c.n.SpringBoot001hs.mapper.UserMapper.selectAll - ==> Parameters: 3(Integer)
2019-05-08 09:13:24.391 [main] DEBUG c.n.SpringBoot001hs.mapper.UserMapper.selectAll - <==      Total: 3
2019-05-08 09:38:28.613 [main] DEBUG com.neuedu.SpringBoot001hs.mapper.UserMapperTest - Running with Spring Boot v2.1.4.RELEASE, Spring v5.1.6.RELEASE
2019-05-08 09:38:31.367 [main] DEBUG c.n.S.mapper.UserMapper.selectAll_COUNT - ==>  Preparing: SELECT count(0) FROM USER 
2019-05-08 09:38:31.394 [main] DEBUG c.n.S.mapper.UserMapper.selectAll_COUNT - ==> Parameters: 
2019-05-08 09:38:31.412 [main] DEBUG c.n.S.mapper.UserMapper.selectAll_COUNT - <==      Total: 1
2019-05-08 09:38:31.415 [main] DEBUG c.n.SpringBoot001hs.mapper.UserMapper.selectAll - ==>  Preparing: select u_id, u_user,u_password,u_email,u_phone,u_name,u_createtime,u_headurl,u_status from USER LIMIT ? 
2019-05-08 09:38:31.416 [main] DEBUG c.n.SpringBoot001hs.mapper.UserMapper.selectAll - ==> Parameters: 3(Integer)
2019-05-08 09:38:31.420 [main] DEBUG c.n.SpringBoot001hs.mapper.UserMapper.selectAll - <==      Total: 3
2019-05-08 09:40:24.082 [main] DEBUG com.neuedu.SpringBoot001hs.mapper.UserMapperTest - Running with Spring Boot v2.1.4.RELEASE, Spring v5.1.6.RELEASE
2019-05-08 09:40:27.083 [main] DEBUG c.n.S.mapper.UserMapper.selectAll_COUNT - ==>  Preparing: SELECT count(0) FROM USER 
2019-05-08 09:40:27.113 [main] DEBUG c.n.S.mapper.UserMapper.selectAll_COUNT - ==> Parameters: 
2019-05-08 09:40:27.136 [main] DEBUG c.n.S.mapper.UserMapper.selectAll_COUNT - <==      Total: 1
2019-05-08 09:40:27.138 [main] DEBUG c.n.SpringBoot001hs.mapper.UserMapper.selectAll - ==>  Preparing: select u_id, u_user,u_password,u_email,u_phone,u_name,u_createtime,u_headurl,u_status from USER LIMIT ? 
2019-05-08 09:40:27.139 [main] DEBUG c.n.SpringBoot001hs.mapper.UserMapper.selectAll - ==> Parameters: 3(Integer)
2019-05-08 09:40:27.143 [main] DEBUG c.n.SpringBoot001hs.mapper.UserMapper.selectAll - <==      Total: 3
2019-05-08 09:41:25.751 [main] DEBUG com.neuedu.SpringBoot001hs.mapper.UserMapperTest - Running with Spring Boot v2.1.4.RELEASE, Spring v5.1.6.RELEASE
2019-05-08 09:41:28.453 [main] DEBUG c.n.S.mapper.UserMapper.selectAll_COUNT - ==>  Preparing: SELECT count(0) FROM USER 
2019-05-08 09:41:28.475 [main] DEBUG c.n.S.mapper.UserMapper.selectAll_COUNT - ==> Parameters: 
2019-05-08 09:41:28.493 [main] DEBUG c.n.S.mapper.UserMapper.selectAll_COUNT - <==      Total: 1
2019-05-08 09:41:28.495 [main] DEBUG c.n.SpringBoot001hs.mapper.UserMapper.selectAll - ==>  Preparing: select u_id, u_user,u_password,u_email,u_phone,u_name,u_createtime,u_headurl,u_status from USER LIMIT ? 
2019-05-08 09:41:28.496 [main] DEBUG c.n.SpringBoot001hs.mapper.UserMapper.selectAll - ==> Parameters: 3(Integer)
2019-05-08 09:41:28.498 [main] DEBUG c.n.SpringBoot001hs.mapper.UserMapper.selectAll - <==      Total: 3
2019-05-08 10:21:39.791 [main] DEBUG com.neuedu.SpringBoot001hs.mapper.UserMapperTest - Running with Spring Boot v2.1.4.RELEASE, Spring v5.1.6.RELEASE
2019-05-08 10:21:42.331 [main] DEBUG c.n.S.mapper.UserMapper.selectAll_COUNT - ==>  Preparing: SELECT count(0) FROM USER 
2019-05-08 10:21:42.350 [main] DEBUG c.n.S.mapper.UserMapper.selectAll_COUNT - ==> Parameters: 
2019-05-08 10:21:42.370 [main] DEBUG c.n.S.mapper.UserMapper.selectAll_COUNT - <==      Total: 1
2019-05-08 10:21:42.372 [main] DEBUG c.n.SpringBoot001hs.mapper.UserMapper.selectAll - ==>  Preparing: select u_id, u_user,u_password,u_email,u_phone,u_name,u_createtime,u_headurl,u_status from USER LIMIT ? 
2019-05-08 10:21:42.372 [main] DEBUG c.n.SpringBoot001hs.mapper.UserMapper.selectAll - ==> Parameters: 3(Integer)
2019-05-08 10:21:42.375 [main] DEBUG c.n.SpringBoot001hs.mapper.UserMapper.selectAll - <==      Total: 3
2019-05-08 10:26:13.636 [main] DEBUG com.neuedu.SpringBoot001hs.mapper.UserMapperTest - Running with Spring Boot v2.1.4.RELEASE, Spring v5.1.6.RELEASE
2019-05-08 10:26:16.378 [main] DEBUG c.n.S.mapper.UserMapper.selectAll_COUNT - ==>  Preparing: SELECT count(0) FROM USER 
2019-05-08 10:26:16.404 [main] DEBUG c.n.S.mapper.UserMapper.selectAll_COUNT - ==> Parameters: 
2019-05-08 10:26:16.426 [main] DEBUG c.n.S.mapper.UserMapper.selectAll_COUNT - <==      Total: 1
2019-05-08 10:26:16.429 [main] DEBUG c.n.SpringBoot001hs.mapper.UserMapper.selectAll - ==>  Preparing: select u_id, u_user,u_password,u_email,u_phone,u_name,u_createtime,u_headurl,u_status from USER LIMIT ? 
2019-05-08 10:26:16.430 [main] DEBUG c.n.SpringBoot001hs.mapper.UserMapper.selectAll - ==> Parameters: 3(Integer)
2019-05-08 10:26:16.434 [main] DEBUG c.n.SpringBoot001hs.mapper.UserMapper.selectAll - <==      Total: 3
2019-05-08 10:30:09.802 [main] DEBUG com.neuedu.SpringBoot001hs.mapper.UserMapperTest - Running with Spring Boot v2.1.4.RELEASE, Spring v5.1.6.RELEASE
2019-05-08 10:30:12.886 [main] DEBUG c.n.S.mapper.UserMapper.selectAll_COUNT - ==>  Preparing: SELECT count(0) FROM USER 
2019-05-08 10:30:12.910 [main] DEBUG c.n.S.mapper.UserMapper.selectAll_COUNT - ==> Parameters: 
2019-05-08 10:30:12.931 [main] DEBUG c.n.S.mapper.UserMapper.selectAll_COUNT - <==      Total: 1
2019-05-08 10:30:12.933 [main] DEBUG c.n.SpringBoot001hs.mapper.UserMapper.selectAll - ==>  Preparing: select u_id, u_user,u_password,u_email,u_phone,u_name,u_createtime,u_headurl,u_status from USER LIMIT ? 
2019-05-08 10:30:12.933 [main] DEBUG c.n.SpringBoot001hs.mapper.UserMapper.selectAll - ==> Parameters: 3(Integer)
2019-05-08 10:30:12.936 [main] DEBUG c.n.SpringBoot001hs.mapper.UserMapper.selectAll - <==      Total: 3
2019-05-08 11:07:10.152 [http-nio-80-exec-1] DEBUG c.n.SpringBoot001hs.mapper.UserMapper.selectAll - ==>  Preparing: select u_id, u_user,u_password,u_email,u_phone,u_name,u_createtime,u_headurl,u_status from USER 
2019-05-08 11:07:10.166 [http-nio-80-exec-1] DEBUG c.n.SpringBoot001hs.mapper.UserMapper.selectAll - ==> Parameters: 
2019-05-08 11:07:10.184 [http-nio-80-exec-1] DEBUG c.n.SpringBoot001hs.mapper.UserMapper.selectAll - <==      Total: 26
2019-05-08 11:08:07.850 [http-nio-80-exec-1] DEBUG c.n.SpringBoot001hs.mapper.UserMapper.selectAll - ==>  Preparing: select u_id, u_user,u_password,u_email,u_phone,u_name,u_createtime,u_headurl,u_status from USER 
2019-05-08 11:08:07.867 [http-nio-80-exec-1] DEBUG c.n.SpringBoot001hs.mapper.UserMapper.selectAll - ==> Parameters: 
2019-05-08 11:08:07.888 [http-nio-80-exec-1] DEBUG c.n.SpringBoot001hs.mapper.UserMapper.selectAll - <==      Total: 26
2019-05-08 11:08:10.398 [http-nio-80-exec-2] DEBUG c.n.SpringBoot001hs.mapper.UserMapper.selectAll - ==>  Preparing: select u_id, u_user,u_password,u_email,u_phone,u_name,u_createtime,u_headurl,u_status from USER 
2019-05-08 11:08:10.399 [http-nio-80-exec-2] DEBUG c.n.SpringBoot001hs.mapper.UserMapper.selectAll - ==> Parameters: 
2019-05-08 11:08:10.403 [http-nio-80-exec-2] DEBUG c.n.SpringBoot001hs.mapper.UserMapper.selectAll - <==      Total: 26
2019-05-08 11:09:45.839 [http-nio-80-exec-1] DEBUG c.n.SpringBoot001hs.mapper.UserMapper.selectAll - ==>  Preparing: select u_id, u_user,u_password,u_email,u_phone,u_name,u_createtime,u_headurl,u_status from USER 
2019-05-08 11:09:45.852 [http-nio-80-exec-1] DEBUG c.n.SpringBoot001hs.mapper.UserMapper.selectAll - ==> Parameters: 
2019-05-08 11:09:45.869 [http-nio-80-exec-1] DEBUG c.n.SpringBoot001hs.mapper.UserMapper.selectAll - <==      Total: 26
2019-05-08 11:09:48.427 [http-nio-80-exec-3] DEBUG c.n.SpringBoot001hs.mapper.UserMapper.selectAll - ==>  Preparing: select u_id, u_user,u_password,u_email,u_phone,u_name,u_createtime,u_headurl,u_status from USER 
2019-05-08 11:09:48.428 [http-nio-80-exec-3] DEBUG c.n.SpringBoot001hs.mapper.UserMapper.selectAll - ==> Parameters: 
2019-05-08 11:09:48.432 [http-nio-80-exec-3] DEBUG c.n.SpringBoot001hs.mapper.UserMapper.selectAll - <==      Total: 26
2019-05-08 11:09:55.156 [http-nio-80-exec-5] DEBUG c.n.SpringBoot001hs.mapper.UserMapper.selectAll - ==>  Preparing: select u_id, u_user,u_password,u_email,u_phone,u_name,u_createtime,u_headurl,u_status from USER 
2019-05-08 11:09:55.157 [http-nio-80-exec-5] DEBUG c.n.SpringBoot001hs.mapper.UserMapper.selectAll - ==> Parameters: 
2019-05-08 11:09:55.162 [http-nio-80-exec-5] DEBUG c.n.SpringBoot001hs.mapper.UserMapper.selectAll - <==      Total: 26
2019-05-08 11:10:51.129 [http-nio-80-exec-1] DEBUG c.n.SpringBoot001hs.mapper.UserMapper.selectAll - ==>  Preparing: select u_id, u_user,u_password,u_email,u_phone,u_name,u_createtime,u_headurl,u_status from USER 
2019-05-08 11:10:51.142 [http-nio-80-exec-1] DEBUG c.n.SpringBoot001hs.mapper.UserMapper.selectAll - ==> Parameters: 
2019-05-08 11:10:51.160 [http-nio-80-exec-1] DEBUG c.n.SpringBoot001hs.mapper.UserMapper.selectAll - <==      Total: 26
2019-05-08 11:15:08.012 [http-nio-80-exec-1] DEBUG c.n.SpringBoot001hs.mapper.UserMapper.selectAll - ==>  Preparing: select u_id, u_user,u_password,u_email,u_phone,u_name,u_createtime,u_headurl,u_status from USER 
2019-05-08 11:15:08.025 [http-nio-80-exec-1] DEBUG c.n.SpringBoot001hs.mapper.UserMapper.selectAll - ==> Parameters: 
2019-05-08 11:15:08.042 [http-nio-80-exec-1] DEBUG c.n.SpringBoot001hs.mapper.UserMapper.selectAll - <==      Total: 26
2019-05-08 11:16:13.977 [http-nio-80-exec-1] DEBUG c.n.SpringBoot001hs.mapper.UserMapper.selectAll - ==>  Preparing: select u_id, u_user,u_password,u_email,u_phone,u_name,u_createtime,u_headurl,u_status from USER 
2019-05-08 11:16:13.995 [http-nio-80-exec-1] DEBUG c.n.SpringBoot001hs.mapper.UserMapper.selectAll - ==> Parameters: 
2019-05-08 11:16:14.018 [http-nio-80-exec-1] DEBUG c.n.SpringBoot001hs.mapper.UserMapper.selectAll - <==      Total: 26
2019-05-08 15:22:13.980 [http-nio-80-exec-1] DEBUG c.n.S.mapper.UserMapper.selectAll_COUNT - ==>  Preparing: SELECT count(0) FROM USER 
2019-05-08 15:22:14.004 [http-nio-80-exec-1] DEBUG c.n.S.mapper.UserMapper.selectAll_COUNT - ==> Parameters: 
2019-05-08 15:22:14.020 [http-nio-80-exec-1] DEBUG c.n.S.mapper.UserMapper.selectAll_COUNT - <==      Total: 1
2019-05-08 15:22:14.022 [http-nio-80-exec-1] DEBUG c.n.SpringBoot001hs.mapper.UserMapper.selectAll - ==>  Preparing: select u_id, u_user,u_password,u_email,u_phone,u_name,u_createtime,u_headurl,u_status from USER LIMIT ? 
2019-05-08 15:22:14.023 [http-nio-80-exec-1] DEBUG c.n.SpringBoot001hs.mapper.UserMapper.selectAll - ==> Parameters: 3(Integer)
2019-05-08 15:22:14.025 [http-nio-80-exec-1] DEBUG c.n.SpringBoot001hs.mapper.UserMapper.selectAll - <==      Total: 3
2019-05-08 15:26:15.456 [http-nio-80-exec-1] DEBUG c.n.S.mapper.UserMapper.selectAll_COUNT - ==>  Preparing: SELECT count(0) FROM USER 
2019-05-08 15:26:15.471 [http-nio-80-exec-1] DEBUG c.n.S.mapper.UserMapper.selectAll_COUNT - ==> Parameters: 
2019-05-08 15:26:15.485 [http-nio-80-exec-1] DEBUG c.n.S.mapper.UserMapper.selectAll_COUNT - <==      Total: 1
2019-05-08 15:26:15.487 [http-nio-80-exec-1] DEBUG c.n.SpringBoot001hs.mapper.UserMapper.selectAll - ==>  Preparing: select u_id, u_user,u_password,u_email,u_phone,u_name,u_createtime,u_headurl,u_status from USER LIMIT ? 
2019-05-08 15:26:15.487 [http-nio-80-exec-1] DEBUG c.n.SpringBoot001hs.mapper.UserMapper.selectAll - ==> Parameters: 3(Integer)
2019-05-08 15:26:15.490 [http-nio-80-exec-1] DEBUG c.n.SpringBoot001hs.mapper.UserMapper.selectAll - <==      Total: 3
